#
# There is insufficient memory for the Java Runtime Environment to continue.
# Native memory allocation (malloc) failed to allocate 1048576 bytes. Error detail: AllocateHeap
# Possible reasons:
#   The system is out of physical RAM or swap space
#   This process is running with CompressedOops enabled, and the Java Heap may be blocking the growth of the native heap
# Possible solutions:
#   Reduce memory load on the system
#   Increase physical memory or swap space
#   Check if swap backing store is full
#   Decrease Java heap size (-Xmx/-Xms)
#   Decrease number of Java threads
#   Decrease Java thread stack sizes (-Xss)
#   Set larger code cache with -XX:ReservedCodeCacheSize=
#   JVM is running with Unscaled Compressed Oops mode in which the Java heap is
#     placed in the first 4GB address space. The Java Heap base address is the
#     maximum limit for the native heap growth. Please use -XX:HeapBaseMinAddress
#     to set the Java Heap base and to place the Java Heap above 4GB virtual address.
# This output file may be truncated or incomplete.
#
#  Out of Memory Error (allocation.cpp:44), pid=38292, tid=34200
#
# JRE version: OpenJDK Runtime Environment JBR-21.0.7+9-631.52-jcef (21.0.7+9) (build 21.0.7+9-b631.52)
# Java VM: OpenJDK 64-Bit Server VM JBR-21.0.7+9-631.52-jcef (21.0.7+9-b631.52, mixed mode, sharing, tiered, compressed oops, compressed class ptrs, g1 gc, windows-amd64)
# No core dump will be written. Minidumps are not enabled by default on client versions of Windows
#

---------------  S U M M A R Y ------------

Command Line: -Djava.rmi.server.hostname=127.0.0.1 -Duser.timezone=UTC -Xmx2048m -Xms128m -Djdbc.classpath=C:\Users\zhoux\AppData\Local\Temp\RemoteDriver1.classpath.txt --add-exports=java.desktop/sun.awt=ALL-UNNAMED --add-exports=java.desktop/java.awt.peer=ALL-UNNAMED --add-opens=java.desktop/java.awt=ALL-UNNAMED --add-opens=jdk.unsupported/sun.misc=ALL-UNNAMED --add-opens=java.base/java.nio=ALL-UNNAMED --add-opens=java.base/java.util=ALL-UNNAMED -Dfile.encoding=UTF-8 -Dsun.stdout.encoding=UTF-8 -Dsun.stderr.encoding=UTF-8 com.intellij.database.remote.RemoteJdbcServer com.mysql.cj.jdbc.Driver

Host: AMD Ryzen 9 6900HX with Radeon Graphics        , 16 cores, 15G,  Windows 11 , 64 bit Build 26100 (10.0.26100.8521)
Time: Sun Jul 12 19:48:55 2026  Windows 11 , 64 bit Build 26100 (10.0.26100.8521) elapsed time: 3601.028122 seconds (0d 1h 0m 1s)

---------------  T H R E A D  ---------------

Current thread (0x000001b08651e780):  VMThread "VM Thread"          [id=34200, stack(0x0000004e6c500000,0x0000004e6c600000) (1024K)]

Stack: [0x0000004e6c500000,0x0000004e6c600000]
Native frames: (J=compiled Java code, j=interpreted, Vv=VM code, C=native code)
V  [jvm.dll+0x6e5fb9]
V  [jvm.dll+0x8c4253]
V  [jvm.dll+0x8c67ae]
V  [jvm.dll+0x8c6e93]
V  [jvm.dll+0x289166]
V  [jvm.dll+0xc0ed7]
V  [jvm.dll+0x353f62]
V  [jvm.dll+0x34d8fe]
V  [jvm.dll+0x335989]
V  [jvm.dll+0x379cd4]
V  [jvm.dll+0x8ccc18]
V  [jvm.dll+0x8cdf94]
V  [jvm.dll+0x8ce4d0]
V  [jvm.dll+0x8ce763]
V  [jvm.dll+0x86be78]
V  [jvm.dll+0x6e477d]
C  [ucrtbase.dll+0x2cd30]
C  [KERNEL32.DLL+0x2e957]
C  [ntdll.dll+0x87c1c]

VM_Operation (0x0000004e6d9fede0): G1CollectFull, mode: safepoint, requested by thread 0x000001b0cc055350


---------------  P R O C E S S  ---------------

Threads class SMR info:
_java_thread_list=0x000001b0cc644830, length=20, elements={
0x000001b0eb19b630, 0x000001b0866dc0f0, 0x000001b0866dec50, 0x000001b0866e1b70,
0x000001b0866e2a50, 0x000001b0866e6880, 0x000001b0866e39c0, 0x000001b08653a440,
0x000001b086546640, 0x000001b08683c6a0, 0x000001b086846df0, 0x000001b0cc268f50,
0x000001b0cc151760, 0x000001b0cc14a430, 0x000001b0cc054cf0, 0x000001b0cc055350,
0x000001b0cc5d74e0, 0x000001b0cc18a860, 0x000001b0cc18def0, 0x000001b0cc18e580
}

Java Threads: ( => current thread )
  0x000001b0eb19b630 JavaThread "main"                              [_thread_blocked, id=20816, stack(0x0000004e6be00000,0x0000004e6bf00000) (1024K)]
  0x000001b0866dc0f0           daemon []
   